0 info it worked if it ends with ok
1 verbose cli [ '/Users/doronsegal/.nvm/versions/node/v6.17.1/bin/node',
1 verbose cli   '/Users/doronsegal/.nvm/versions/node/v6.17.1/bin/npm',
1 verbose cli   'run',
1 verbose cli   'publish' ]
2 info using npm@3.10.10
3 info using node@v6.17.1
4 verbose run-script [ 'prepublish', 'publish', 'postpublish' ]
5 info lifecycle simple-time-series@0.2.3~prepublish: simple-time-series@0.2.3
6 silly lifecycle simple-time-series@0.2.3~prepublish: no script for prepublish, continuing
7 info lifecycle simple-time-series@0.2.3~publish: simple-time-series@0.2.3
8 verbose lifecycle simple-time-series@0.2.3~publish: unsafe-perm in lifecycle true
9 verbose lifecycle simple-time-series@0.2.3~publish: PATH: /Users/doronsegal/.nvm/versions/node/v6.17.1/lib/node_modules/npm/bin/node-gyp-bin:/Users/doronsegal/github/simple-time-series/node_modules/.bin:/Users/doronsegal/.opam/system/bin:/Users/doronsegal/maven/bin:/Users/doronsegal/.pyenv/shims:/Users/doronsegal/.pyenv:/Users/doronsegal/.pyenv/bin:/Users/doronsegal/.nvm/versions/node/v6.17.1/bin:/usr/bin:/bin:/usr/sbin:/sbin:/usr/local/bin:/usr/local/share/python/:/usr/local/go/bin:/Users/doronsegal/go/bin:/Users/doronsegal/spark-2.3.1-bin-hadoop2.7/bin
10 verbose lifecycle simple-time-series@0.2.3~publish: CWD: /Users/doronsegal/github/simple-time-series
11 silly lifecycle simple-time-series@0.2.3~publish: Args: [ '-c', 'npm publish --registry https://registry.npmjs.org' ]
12 silly lifecycle simple-time-series@0.2.3~publish: Returned: code: 1  signal: null
13 info lifecycle simple-time-series@0.2.3~publish: Failed to exec publish script
14 verbose stack Error: simple-time-series@0.2.3 publish: `npm publish --registry https://registry.npmjs.org`
14 verbose stack Exit status 1
14 verbose stack     at EventEmitter.<anonymous> (/Users/doronsegal/.nvm/versions/node/v6.17.1/lib/node_modules/npm/lib/utils/lifecycle.js:255:16)
14 verbose stack     at emitTwo (events.js:106:13)
14 verbose stack     at EventEmitter.emit (events.js:191:7)
14 verbose stack     at ChildProcess.<anonymous> (/Users/doronsegal/.nvm/versions/node/v6.17.1/lib/node_modules/npm/lib/utils/spawn.js:40:14)
14 verbose stack     at emitTwo (events.js:106:13)
14 verbose stack     at ChildProcess.emit (events.js:191:7)
14 verbose stack     at maybeClose (internal/child_process.js:920:16)
14 verbose stack     at Process.ChildProcess._handle.onexit (internal/child_process.js:230:5)
15 verbose pkgid simple-time-series@0.2.3
16 verbose cwd /Users/doronsegal/github/simple-time-series
17 error Darwin 18.7.0
18 error argv "/Users/doronsegal/.nvm/versions/node/v6.17.1/bin/node" "/Users/doronsegal/.nvm/versions/node/v6.17.1/bin/npm" "run" "publish"
19 error node v6.17.1
20 error npm  v3.10.10
21 error code ELIFECYCLE
22 error simple-time-series@0.2.3 publish: `npm publish --registry https://registry.npmjs.org`
22 error Exit status 1
23 error Failed at the simple-time-series@0.2.3 publish script 'npm publish --registry https://registry.npmjs.org'.
23 error Make sure you have the latest version of node.js and npm installed.
23 error If you do, this is most likely a problem with the simple-time-series package,
23 error not with npm itself.
23 error Tell the author that this fails on your system:
23 error     npm publish --registry https://registry.npmjs.org
23 error You can get information on how to open an issue for this project with:
23 error     npm bugs simple-time-series
23 error Or if that isn't available, you can get their info via:
23 error     npm owner ls simple-time-series
23 error There is likely additional logging output above.
24 verbose exit [ 1, true ]
